<?xml version="1.0" encoding="UTF-8"?>
<!--
    Copyright (c) 2016 Intel Corporation

    Licensed under the Apache License, Version 2.0 (the "License");
    you may not use this file except in compliance with the License.
    You may obtain a copy of the License at

      http://www.apache.org/licenses/LICENSE-2.0

    Unless required by applicable law or agreed to in writing, software
    distributed under the License is distributed on an "AS IS" BASIS,
    WITHOUT WARRANTIES OR CONDITIONS OF ANY KIND, either express or implied.
    See the License for the specific language governing permissions and
    limitations under the License.

-->
<beans xmlns="http://www.springframework.org/schema/beans"
       xmlns:xsi="http://www.w3.org/2001/XMLSchema-instance"
       xmlns:util="http://www.springframework.org/schema/util"
       xsi:schemaLocation="http://www.springframework.org/schema/beans http://www.springframework.org/schema/beans/spring-beans.xsd
            http://www.springframework.org/schema/util http://www.springframework.org/schema/util/spring-util-4.0.xsd">

    <beans profile="default">
        <util:list id="defaultUsers">
            <value>marissa|koala|marissa@test.org|Marissa|Bloggs|uaa.user</value>
            <value>testbootuser|password|testbootuser@test.org|Test|Bootstrap|uaa.user,scim.read</value>
        </util:list>
        <util:list id="defaultMembers">
            <value>acme|acme.dev,acme.qa</value>
            <value>acme.dev|marissa</value>
        </util:list>
        <util:list id="defaultExternalMembers">
            <value>organizations.acme|cn=test_org,ou=people,o=springsource,o=org</value>
            <value>internal.read|cn=developers,ou=scopes,dc=test,dc=com</value>
            <value>internal.write|cn=operators,ou=scopes,dc=test,dc=com</value>
            <value>internal.everything|cn=superusers,ou=scopes,dc=test,dc=com</value>
            <value>internal.superuser|cn=superusers,ou=scopes,dc=test,dc=com</value>
        </util:list>
    </beans>
</beans>